Using pre-set license

 COMMAND LINE ARGUMENTS:
/Applications/Unity/Hub/Editor/2020.3.11f1/Unity.app/Contents/MacOS/Unity
-adb2
-batchMode
-noUpm
-name
AssetImportWorker0
-projectPath
/Users/jflannery/Documents/UnityProjects/FighterGame
-logFile
Logs/AssetImportWorker0.log
-srvPort
56731
Successfully changed project path to: /Users/jflannery/Documents/UnityProjects/FighterGame
/Users/jflannery/Documents/UnityProjects/FighterGame
Using Asset Import Pipeline V2.
Refreshing native plugins compatible for Editor in 56.70 ms, found 3 plugins.
Preloading 0 native plugins for Editor in 0.00 ms.
Initialize engine version: 2020.3.11f1 (99c7afb366b3)
[Subsystems] Discovering subsystems at path /Applications/Unity/Hub/Editor/2020.3.11f1/Unity.app/Contents/Resources/UnitySubsystems
[Subsystems] Discovering subsystems at path /Users/jflannery/Documents/UnityProjects/FighterGame/Assets
GfxDevice: creating device client; threaded=0
2021-07-17 19:05:36.125 Unity[86277:3883320] Color LCD preferred device: NVIDIA GeForce GT 750M (high power)
2021-07-17 19:05:36.125 Unity[86277:3883320] Metal devices available: 2
2021-07-17 19:05:36.125 Unity[86277:3883320] 0: NVIDIA GeForce GT 750M (high power)
2021-07-17 19:05:36.125 Unity[86277:3883320] 1: Intel Iris Pro Graphics (low power)
2021-07-17 19:05:36.125 Unity[86277:3883320] Using device NVIDIA GeForce GT 750M (high power)
Initializing Metal device caps: NVIDIA GeForce GT 750M
Initialize mono
Mono path[0] = '/Applications/Unity/Hub/Editor/2020.3.11f1/Unity.app/Contents/Managed'
Mono path[1] = '/Applications/Unity/Hub/Editor/2020.3.11f1/Unity.app/Contents/MonoBleedingEdge/lib/mono/unityjit'
Mono config path = '/Applications/Unity/Hub/Editor/2020.3.11f1/Unity.app/Contents/MonoBleedingEdge/etc'
Using monoOptions --debugger-agent=transport=dt_socket,embedding=1,server=y,suspend=n,address=127.0.0.1:56277
Begin MonoManager ReloadAssembly
Registering precompiled unity dll's ...
Register platform support module: /Applications/Unity/Hub/Editor/2020.3.11f1/PlaybackEngines/WebGLSupport/UnityEditor.WebGL.Extensions.dll
Register platform support module: /Applications/Unity/Hub/Editor/2020.3.11f1/Unity.app/Contents/PlaybackEngines/MacStandaloneSupport/UnityEditor.OSXStandalone.Extensions.dll
Registered in 0.002499 seconds.
Native extension for OSXStandalone target not found
Native extension for WebGL target not found
Refreshing native plugins compatible for Editor in 52.95 ms, found 3 plugins.
Preloading 0 native plugins for Editor in 0.00 ms.
Mono: successfully reloaded assembly
- Completed reload, in  4.063 seconds
Platform modules already initialized, skipping
Registering precompiled user dll's ...
Registered in 0.005498 seconds.
Begin MonoManager ReloadAssembly
Native extension for OSXStandalone target not found
Native extension for WebGL target not found
Refreshing native plugins compatible for Editor in 58.78 ms, found 3 plugins.
Preloading 0 native plugins for Editor in 0.00 ms.
Mono: successfully reloaded assembly
- Completed reload, in  1.810 seconds
Platform modules already initialized, skipping
========================================================================
Worker process is ready to serve import requests
Launching external process: /Applications/Unity/Hub/Editor/2020.3.11f1/Unity.app/Contents/Tools/UnityShaderCompiler
Launched and connected shader compiler UnityShaderCompiler after 0.02 seconds
Refreshing native plugins compatible for Editor in 0.55 ms, found 3 plugins.
Preloading 0 native plugins for Editor in 0.00 ms.
Unloading 2083 Unused Serialized files (Serialized files now loaded: 0)
System memory in use before: 174.7 MB.
System memory in use after: 174.7 MB.

Unloading 33 unused Assets to reduce memory usage. Loaded Objects now: 2517.
Total: 2.730953 ms (FindLiveObjects: 0.258235 ms CreateObjectMapping: 0.087638 ms MarkObjects: 2.228980 ms  DeleteObjects: 0.155108 ms)

========================================================================
Received Import Request.
  path: ProjectSettings/TagManager.asset
  artifactKey: Guid(00000000000000003000000000000000) Importer(815301076,1909f56bfc062723c751e8b465ee728b)
Start importing ProjectSettings/TagManager.asset using Guid(00000000000000003000000000000000) Importer(815301076,1909f56bfc062723c751e8b465ee728b)  -> (artifact id: '7ea224f57d24fff635e2c9b5b4664cdf') in 0.549596 seconds
  Import took 0.555312 seconds .

========================================================================
Received Prepare
Registering precompiled user dll's ...
Registered in 0.002903 seconds.
Begin MonoManager ReloadAssembly
Native extension for OSXStandalone target not found
Native extension for WebGL target not found
Refreshing native plugins compatible for Editor in 0.52 ms, found 3 plugins.
Preloading 0 native plugins for Editor in 0.00 ms.
Mono: successfully reloaded assembly
- Completed reload, in  1.627 seconds
Platform modules already initialized, skipping
Refreshing native plugins compatible for Editor in 0.56 ms, found 3 plugins.
Preloading 0 native plugins for Editor in 0.00 ms.
Unloading 2078 Unused Serialized files (Serialized files now loaded: 0)
System memory in use before: 179.3 MB.
System memory in use after: 179.2 MB.

Unloading 22 unused Assets to reduce memory usage. Loaded Objects now: 2521.
Total: 2.792610 ms (FindLiveObjects: 0.222243 ms CreateObjectMapping: 0.086159 ms MarkObjects: 2.363258 ms  DeleteObjects: 0.119577 ms)

========================================================================
Received Prepare
Registering precompiled user dll's ...
Registered in 0.002311 seconds.
Begin MonoManager ReloadAssembly
Native extension for OSXStandalone target not found
Native extension for WebGL target not found
Refreshing native plugins compatible for Editor in 0.52 ms, found 3 plugins.
Preloading 0 native plugins for Editor in 0.00 ms.
Mono: successfully reloaded assembly
- Completed reload, in  1.639 seconds
Platform modules already initialized, skipping
Refreshing native plugins compatible for Editor in 0.54 ms, found 3 plugins.
Preloading 0 native plugins for Editor in 0.00 ms.
Unloading 2078 Unused Serialized files (Serialized files now loaded: 0)
System memory in use before: 179.4 MB.
System memory in use after: 179.4 MB.

Unloading 21 unused Assets to reduce memory usage. Loaded Objects now: 2525.
Total: 2.703399 ms (FindLiveObjects: 0.197734 ms CreateObjectMapping: 0.091492 ms MarkObjects: 2.296529 ms  DeleteObjects: 0.116736 ms)

========================================================================
Received Prepare
Registering precompiled user dll's ...
Registered in 0.004476 seconds.
Begin MonoManager ReloadAssembly
Native extension for OSXStandalone target not found
Native extension for WebGL target not found
Refreshing native plugins compatible for Editor in 0.49 ms, found 3 plugins.
Preloading 0 native plugins for Editor in 0.00 ms.
Mono: successfully reloaded assembly
- Completed reload, in  1.520 seconds
Platform modules already initialized, skipping
Refreshing native plugins compatible for Editor in 0.49 ms, found 3 plugins.
Preloading 0 native plugins for Editor in 0.00 ms.
Unloading 2078 Unused Serialized files (Serialized files now loaded: 0)
System memory in use before: 179.7 MB.
System memory in use after: 179.7 MB.

Unloading 21 unused Assets to reduce memory usage. Loaded Objects now: 2529.
Total: 3.209480 ms (FindLiveObjects: 0.218172 ms CreateObjectMapping: 0.099962 ms MarkObjects: 2.754409 ms  DeleteObjects: 0.135858 ms)

========================================================================
Received Prepare
Registering precompiled user dll's ...
Registered in 0.002042 seconds.
Begin MonoManager ReloadAssembly
Native extension for OSXStandalone target not found
Native extension for WebGL target not found
Refreshing native plugins compatible for Editor in 0.48 ms, found 3 plugins.
Preloading 0 native plugins for Editor in 0.00 ms.
Mono: successfully reloaded assembly
- Completed reload, in  1.653 seconds
Platform modules already initialized, skipping
Refreshing native plugins compatible for Editor in 0.62 ms, found 3 plugins.
Preloading 0 native plugins for Editor in 0.00 ms.
Unloading 2079 Unused Serialized files (Serialized files now loaded: 0)
System memory in use before: 180.0 MB.
System memory in use after: 180.0 MB.

Unloading 21 unused Assets to reduce memory usage. Loaded Objects now: 2534.
Total: 2.798162 ms (FindLiveObjects: 0.234660 ms CreateObjectMapping: 0.086626 ms MarkObjects: 2.301202 ms  DeleteObjects: 0.174619 ms)

========================================================================
Received Import Request.
  Time since last request: 325.708044 seconds.
  path: Assets/Scripts/HitDetector.cs
  artifactKey: Guid(8193e46b02b2a4ca58fc399dad4c4211) Importer(815301076,1909f56bfc062723c751e8b465ee728b)
Start importing Assets/Scripts/HitDetector.cs using Guid(8193e46b02b2a4ca58fc399dad4c4211) Importer(815301076,1909f56bfc062723c751e8b465ee728b)  -> (artifact id: 'cecd78bdab50442ffb95b49b1521b6c6') in 0.510911 seconds
  Import took 0.515292 seconds .

========================================================================
Received Prepare
Registering precompiled user dll's ...
Registered in 0.002058 seconds.
Begin MonoManager ReloadAssembly
Native extension for OSXStandalone target not found
Native extension for WebGL target not found
Refreshing native plugins compatible for Editor in 0.50 ms, found 3 plugins.
Preloading 0 native plugins for Editor in 0.00 ms.
Mono: successfully reloaded assembly
- Completed reload, in  1.626 seconds
Platform modules already initialized, skipping
Refreshing native plugins compatible for Editor in 0.48 ms, found 3 plugins.
Preloading 0 native plugins for Editor in 0.00 ms.
Unloading 2079 Unused Serialized files (Serialized files now loaded: 0)
System memory in use before: 184.4 MB.
System memory in use after: 184.4 MB.

Unloading 21 unused Assets to reduce memory usage. Loaded Objects now: 2538.
Total: 3.203121 ms (FindLiveObjects: 0.226524 ms CreateObjectMapping: 0.081653 ms MarkObjects: 2.753590 ms  DeleteObjects: 0.140078 ms)

========================================================================
Received Prepare
Registering precompiled user dll's ...
Registered in 0.005455 seconds.
Begin MonoManager ReloadAssembly
Native extension for OSXStandalone target not found
Native extension for WebGL target not found
Refreshing native plugins compatible for Editor in 0.53 ms, found 3 plugins.
Preloading 0 native plugins for Editor in 0.00 ms.
Mono: successfully reloaded assembly
- Completed reload, in  1.555 seconds
Platform modules already initialized, skipping
Refreshing native plugins compatible for Editor in 0.50 ms, found 3 plugins.
Preloading 0 native plugins for Editor in 0.00 ms.
Unloading 2079 Unused Serialized files (Serialized files now loaded: 0)
System memory in use before: 184.6 MB.
System memory in use after: 184.6 MB.

Unloading 21 unused Assets to reduce memory usage. Loaded Objects now: 2542.
Total: 3.005276 ms (FindLiveObjects: 0.280435 ms CreateObjectMapping: 0.084685 ms MarkObjects: 2.499079 ms  DeleteObjects: 0.140037 ms)

========================================================================
Received Prepare
Registering precompiled user dll's ...
Registered in 0.002913 seconds.
Begin MonoManager ReloadAssembly
Native extension for OSXStandalone target not found
Native extension for WebGL target not found
Refreshing native plugins compatible for Editor in 0.53 ms, found 3 plugins.
Preloading 0 native plugins for Editor in 0.00 ms.
Mono: successfully reloaded assembly
- Completed reload, in  2.144 seconds
Platform modules already initialized, skipping
Refreshing native plugins compatible for Editor in 0.66 ms, found 3 plugins.
Preloading 0 native plugins for Editor in 0.00 ms.
Unloading 2079 Unused Serialized files (Serialized files now loaded: 0)
System memory in use before: 184.8 MB.
System memory in use after: 184.8 MB.

Unloading 21 unused Assets to reduce memory usage. Loaded Objects now: 2546.
Total: 5.896730 ms (FindLiveObjects: 0.678356 ms CreateObjectMapping: 0.176595 ms MarkObjects: 4.875548 ms  DeleteObjects: 0.163163 ms)

========================================================================
Received Prepare
Registering precompiled user dll's ...
Registered in 0.001975 seconds.
Begin MonoManager ReloadAssembly
Native extension for OSXStandalone target not found
Native extension for WebGL target not found
Refreshing native plugins compatible for Editor in 0.50 ms, found 3 plugins.
Preloading 0 native plugins for Editor in 0.00 ms.
Mono: successfully reloaded assembly
- Completed reload, in  1.567 seconds
Platform modules already initialized, skipping
Refreshing native plugins compatible for Editor in 0.55 ms, found 3 plugins.
Preloading 0 native plugins for Editor in 0.00 ms.
Unloading 2079 Unused Serialized files (Serialized files now loaded: 0)
System memory in use before: 185.1 MB.
System memory in use after: 185.0 MB.

Unloading 21 unused Assets to reduce memory usage. Loaded Objects now: 2550.
Total: 3.106144 ms (FindLiveObjects: 0.251876 ms CreateObjectMapping: 0.085880 ms MarkObjects: 2.634768 ms  DeleteObjects: 0.130901 ms)

========================================================================
Received Import Request.
  Time since last request: 171.535928 seconds.
  path: Assets/Scripts/HitDetector.cs
  artifactKey: Guid(8193e46b02b2a4ca58fc399dad4c4211) Importer(815301076,1909f56bfc062723c751e8b465ee728b)
Start importing Assets/Scripts/HitDetector.cs using Guid(8193e46b02b2a4ca58fc399dad4c4211) Importer(815301076,1909f56bfc062723c751e8b465ee728b)  -> (artifact id: '9e15e1f688284637bbf8b793b6c892c9') in 0.006155 seconds
  Import took 0.010848 seconds .

========================================================================
Received Prepare
Registering precompiled user dll's ...
Registered in 0.003155 seconds.
Begin MonoManager ReloadAssembly
Native extension for OSXStandalone target not found
Native extension for WebGL target not found
Refreshing native plugins compatible for Editor in 0.52 ms, found 3 plugins.
Preloading 0 native plugins for Editor in 0.00 ms.
Mono: successfully reloaded assembly
- Completed reload, in  1.618 seconds
Platform modules already initialized, skipping
Refreshing native plugins compatible for Editor in 0.50 ms, found 3 plugins.
Preloading 0 native plugins for Editor in 0.00 ms.
Unloading 2078 Unused Serialized files (Serialized files now loaded: 0)
System memory in use before: 185.2 MB.
System memory in use after: 185.2 MB.

Unloading 22 unused Assets to reduce memory usage. Loaded Objects now: 2553.
Total: 3.284702 ms (FindLiveObjects: 0.290014 ms CreateObjectMapping: 0.087814 ms MarkObjects: 2.759941 ms  DeleteObjects: 0.145058 ms)

========================================================================
Received Import Request.
  Time since last request: 73.143959 seconds.
  path: Assets/Scripts/Hitter.prefab
  artifactKey: Guid(7d93bc1f7f0444fd0ab71c4d1d106dd2) Importer(815301076,1909f56bfc062723c751e8b465ee728b)
Start importing Assets/Scripts/Hitter.prefab using Guid(7d93bc1f7f0444fd0ab71c4d1d106dd2) Importer(815301076,1909f56bfc062723c751e8b465ee728b)  -> (artifact id: '07adb0a787baa54efeb861a6be4f8674') in 0.240651 seconds
  Import took 0.246864 seconds .

========================================================================
Received Import Request.
  Time since last request: 8.372977 seconds.
  path: Assets/Scripts/Hitter_P1.prefab
  artifactKey: Guid(7d93bc1f7f0444fd0ab71c4d1d106dd2) Importer(815301076,1909f56bfc062723c751e8b465ee728b)
Start importing Assets/Scripts/Hitter_P1.prefab using Guid(7d93bc1f7f0444fd0ab71c4d1d106dd2) Importer(815301076,1909f56bfc062723c751e8b465ee728b)  -> (artifact id: '59dee960617b884acac9a399229bcd6e') in 0.003735 seconds
  Import took 0.008535 seconds .

========================================================================
Received Import Request.
  Time since last request: 1.448739 seconds.
  path: Assets/Scripts/Hitter_P1 1.prefab
  artifactKey: Guid(386282f1fbe714b408eef3c51459fb70) Importer(815301076,1909f56bfc062723c751e8b465ee728b)
Start importing Assets/Scripts/Hitter_P1 1.prefab using Guid(386282f1fbe714b408eef3c51459fb70) Importer(815301076,1909f56bfc062723c751e8b465ee728b)  -> (artifact id: 'bd3ae7ded0ca8323e5df22cbefa2745b') in 0.005545 seconds
  Import took 0.011034 seconds .

========================================================================
Received Import Request.
  Time since last request: 3.492225 seconds.
  path: Assets/Scripts/Hitter_P2.prefab
  artifactKey: Guid(386282f1fbe714b408eef3c51459fb70) Importer(815301076,1909f56bfc062723c751e8b465ee728b)
Start importing Assets/Scripts/Hitter_P2.prefab using Guid(386282f1fbe714b408eef3c51459fb70) Importer(815301076,1909f56bfc062723c751e8b465ee728b)  -> (artifact id: '556612fa820cf4da0a337d4141838b6f') in 0.012280 seconds
  Import took 0.033088 seconds .

========================================================================
Received Import Request.
  Time since last request: 11.346283 seconds.
  path: Assets/Scripts/Hitter.cs
  artifactKey: Guid(95ad1e1e5b61949fda4a49b171be1f63) Importer(815301076,1909f56bfc062723c751e8b465ee728b)
Start importing Assets/Scripts/Hitter.cs using Guid(95ad1e1e5b61949fda4a49b171be1f63) Importer(815301076,1909f56bfc062723c751e8b465ee728b)  -> (artifact id: '3f9b0b8472c97ce47f5515935e74828e') in 0.004647 seconds
  Import took 0.011432 seconds .

========================================================================
Received Prepare
Registering precompiled user dll's ...
Registered in 0.003853 seconds.
Begin MonoManager ReloadAssembly
Native extension for OSXStandalone target not found
Native extension for WebGL target not found
Refreshing native plugins compatible for Editor in 0.93 ms, found 3 plugins.
Preloading 0 native plugins for Editor in 0.00 ms.
Mono: successfully reloaded assembly
- Completed reload, in  1.754 seconds
Platform modules already initialized, skipping
Refreshing native plugins compatible for Editor in 0.51 ms, found 3 plugins.
Preloading 0 native plugins for Editor in 0.00 ms.
Unloading 2079 Unused Serialized files (Serialized files now loaded: 0)
System memory in use before: 189.7 MB.
System memory in use after: 189.7 MB.

Unloading 21 unused Assets to reduce memory usage. Loaded Objects now: 2558.
Total: 2.947800 ms (FindLiveObjects: 0.457864 ms CreateObjectMapping: 0.089514 ms MarkObjects: 2.259516 ms  DeleteObjects: 0.139766 ms)

========================================================================
Received Prepare
Registering precompiled user dll's ...
Registered in 0.003552 seconds.
Begin MonoManager ReloadAssembly
Native extension for OSXStandalone target not found
Native extension for WebGL target not found
Refreshing native plugins compatible for Editor in 0.49 ms, found 3 plugins.
Preloading 0 native plugins for Editor in 0.00 ms.
Mono: successfully reloaded assembly
- Completed reload, in  1.706 seconds
Platform modules already initialized, skipping
Refreshing native plugins compatible for Editor in 0.72 ms, found 3 plugins.
Preloading 0 native plugins for Editor in 0.00 ms.
Unloading 2079 Unused Serialized files (Serialized files now loaded: 0)
System memory in use before: 189.9 MB.
System memory in use after: 189.9 MB.

Unloading 21 unused Assets to reduce memory usage. Loaded Objects now: 2562.
Total: 2.634218 ms (FindLiveObjects: 0.212111 ms CreateObjectMapping: 0.078960 ms MarkObjects: 2.223020 ms  DeleteObjects: 0.119274 ms)

========================================================================
Received Import Request.
  Time since last request: 73.025309 seconds.
  path: Assets/Scripts/Hitter.cs
  artifactKey: Guid(95ad1e1e5b61949fda4a49b171be1f63) Importer(815301076,1909f56bfc062723c751e8b465ee728b)
Start importing Assets/Scripts/Hitter.cs using Guid(95ad1e1e5b61949fda4a49b171be1f63) Importer(815301076,1909f56bfc062723c751e8b465ee728b)  -> (artifact id: '6647530a5f156155bbbf32d6cdcf5372') in 0.005970 seconds
  Import took 0.010907 seconds .

========================================================================
Received Import Request.
  Time since last request: 10.760426 seconds.
  path: Assets/Scripts/Hitter_P1.prefab
  artifactKey: Guid(7d93bc1f7f0444fd0ab71c4d1d106dd2) Importer(815301076,1909f56bfc062723c751e8b465ee728b)
Start importing Assets/Scripts/Hitter_P1.prefab using Guid(7d93bc1f7f0444fd0ab71c4d1d106dd2) Importer(815301076,1909f56bfc062723c751e8b465ee728b)  -> (artifact id: '8fe8af6979145e272192b46eb51a6bd1') in 0.033552 seconds
  Import took 0.038465 seconds .

========================================================================
Received Import Request.
  Time since last request: 5.832171 seconds.
  path: Assets/Scripts/Hitter_P1.prefab
  artifactKey: Guid(7d93bc1f7f0444fd0ab71c4d1d106dd2) Importer(815301076,1909f56bfc062723c751e8b465ee728b)
Start importing Assets/Scripts/Hitter_P1.prefab using Guid(7d93bc1f7f0444fd0ab71c4d1d106dd2) Importer(815301076,1909f56bfc062723c751e8b465ee728b)  -> (artifact id: '3641496282b086795562bd0345936d07') in 0.003441 seconds
  Import took 0.007327 seconds .

========================================================================
Received Import Request.
  Time since last request: 112.683654 seconds.
  path: Assets/Scripts/Hitter_P1.prefab
  artifactKey: Guid(7d93bc1f7f0444fd0ab71c4d1d106dd2) Importer(815301076,1909f56bfc062723c751e8b465ee728b)
Start importing Assets/Scripts/Hitter_P1.prefab using Guid(7d93bc1f7f0444fd0ab71c4d1d106dd2) Importer(815301076,1909f56bfc062723c751e8b465ee728b)  -> (artifact id: 'fa7f1c84c51749cd67982914391a9e16') in 0.004352 seconds
  Import took 0.009851 seconds .

========================================================================
Received Import Request.
  Time since last request: 0.001160 seconds.
  path: Assets/Scripts/Hitter_P1.prefab
  artifactKey: Guid(7d93bc1f7f0444fd0ab71c4d1d106dd2) Importer(815301076,1909f56bfc062723c751e8b465ee728b)
Start importing Assets/Scripts/Hitter_P1.prefab using Guid(7d93bc1f7f0444fd0ab71c4d1d106dd2) Importer(815301076,1909f56bfc062723c751e8b465ee728b)  -> (artifact id: 'fa7f1c84c51749cd67982914391a9e16') in 0.003769 seconds
  Import took 0.009171 seconds .

========================================================================
Received Import Request.
  Time since last request: 5.166475 seconds.
  path: Assets/Scripts/Hitter_P1.prefab
  artifactKey: Guid(7d93bc1f7f0444fd0ab71c4d1d106dd2) Importer(815301076,1909f56bfc062723c751e8b465ee728b)
Start importing Assets/Scripts/Hitter_P1.prefab using Guid(7d93bc1f7f0444fd0ab71c4d1d106dd2) Importer(815301076,1909f56bfc062723c751e8b465ee728b)  -> (artifact id: '5e3e5c2a3e3bec7afe9a3553010ba9bc') in 0.003294 seconds
  Import took 0.007099 seconds .

========================================================================
Received Import Request.
  Time since last request: 4.392988 seconds.
  path: Assets/Scripts/Hitter_P1 1.prefab
  artifactKey: Guid(ae19197bdcd824dc6bbf797056962111) Importer(815301076,1909f56bfc062723c751e8b465ee728b)
Start importing Assets/Scripts/Hitter_P1 1.prefab using Guid(ae19197bdcd824dc6bbf797056962111) Importer(815301076,1909f56bfc062723c751e8b465ee728b)  -> (artifact id: '3e5c38278db6ee70b4543ac2504ee5a7') in 0.003583 seconds
  Import took 0.007380 seconds .

========================================================================
Received Import Request.
  Time since last request: 0.003756 seconds.
  path: Assets/Scripts/Hitter_P1 1.prefab
  artifactKey: Guid(ae19197bdcd824dc6bbf797056962111) Importer(815301076,1909f56bfc062723c751e8b465ee728b)
Start importing Assets/Scripts/Hitter_P1 1.prefab using Guid(ae19197bdcd824dc6bbf797056962111) Importer(815301076,1909f56bfc062723c751e8b465ee728b)  -> (artifact id: '3e5c38278db6ee70b4543ac2504ee5a7') in 0.003498 seconds
  Import took 0.007091 seconds .

========================================================================
Received Import Request.
  Time since last request: 3.628089 seconds.
  path: Assets/Scripts/Hitter_P2.prefab
  artifactKey: Guid(ae19197bdcd824dc6bbf797056962111) Importer(815301076,1909f56bfc062723c751e8b465ee728b)
Start importing Assets/Scripts/Hitter_P2.prefab using Guid(ae19197bdcd824dc6bbf797056962111) Importer(815301076,1909f56bfc062723c751e8b465ee728b)  -> (artifact id: 'f2bbac39e2ffc6c0c60dd949f052863e') in 0.007956 seconds
  Import took 0.015144 seconds .

========================================================================
Received Import Request.
  Time since last request: 3.187986 seconds.
  path: Assets/Scripts/Hitter_P2.prefab
  artifactKey: Guid(ae19197bdcd824dc6bbf797056962111) Importer(815301076,1909f56bfc062723c751e8b465ee728b)
Start importing Assets/Scripts/Hitter_P2.prefab using Guid(ae19197bdcd824dc6bbf797056962111) Importer(815301076,1909f56bfc062723c751e8b465ee728b)  -> (artifact id: '8899d1da50d5ee27dcfc1ba46b1eedf4') in 0.003673 seconds
  Import took 0.007919 seconds .

========================================================================
Received Import Request.
  Time since last request: 4.060063 seconds.
  path: Assets/Scripts/Hitter_P2.prefab
  artifactKey: Guid(ae19197bdcd824dc6bbf797056962111) Importer(815301076,1909f56bfc062723c751e8b465ee728b)
Start importing Assets/Scripts/Hitter_P2.prefab using Guid(ae19197bdcd824dc6bbf797056962111) Importer(815301076,1909f56bfc062723c751e8b465ee728b)  -> (artifact id: '37939ceae6cac03b62d5f40997950df7') in 0.004592 seconds
  Import took 0.008669 seconds .

========================================================================
Received Prepare
Registering precompiled user dll's ...
Registered in 0.004539 seconds.
Begin MonoManager ReloadAssembly
Native extension for OSXStandalone target not found
Native extension for WebGL target not found
Refreshing native plugins compatible for Editor in 0.79 ms, found 3 plugins.
Preloading 0 native plugins for Editor in 0.00 ms.
Mono: successfully reloaded assembly
- Completed reload, in  1.722 seconds
Platform modules already initialized, skipping
Refreshing native plugins compatible for Editor in 0.53 ms, found 3 plugins.
Preloading 0 native plugins for Editor in 0.00 ms.
Unloading 2079 Unused Serialized files (Serialized files now loaded: 0)
System memory in use before: 190.2 MB.
System memory in use after: 190.2 MB.

Unloading 21 unused Assets to reduce memory usage. Loaded Objects now: 2566.
Total: 2.755754 ms (FindLiveObjects: 0.226616 ms CreateObjectMapping: 0.081983 ms MarkObjects: 2.303845 ms  DeleteObjects: 0.141865 ms)

========================================================================
Received Prepare
Registering precompiled user dll's ...
Registered in 0.005542 seconds.
Begin MonoManager ReloadAssembly
Native extension for OSXStandalone target not found
Native extension for WebGL target not found
Refreshing native plugins compatible for Editor in 0.54 ms, found 3 plugins.
Preloading 0 native plugins for Editor in 0.00 ms.
Mono: successfully reloaded assembly
- Completed reload, in  1.870 seconds
Platform modules already initialized, skipping
Refreshing native plugins compatible for Editor in 0.52 ms, found 3 plugins.
Preloading 0 native plugins for Editor in 0.00 ms.
Unloading 2079 Unused Serialized files (Serialized files now loaded: 0)
System memory in use before: 190.4 MB.
System memory in use after: 190.4 MB.

Unloading 21 unused Assets to reduce memory usage. Loaded Objects now: 2570.
Total: 2.975557 ms (FindLiveObjects: 0.221275 ms CreateObjectMapping: 0.080890 ms MarkObjects: 2.506325 ms  DeleteObjects: 0.166102 ms)

========================================================================
Received Prepare
Registering precompiled user dll's ...
Registered in 0.003759 seconds.
Begin MonoManager ReloadAssembly
Native extension for OSXStandalone target not found
Native extension for WebGL target not found
Refreshing native plugins compatible for Editor in 0.60 ms, found 3 plugins.
Preloading 0 native plugins for Editor in 0.00 ms.
Mono: successfully reloaded assembly
- Completed reload, in  1.937 seconds
Platform modules already initialized, skipping
Refreshing native plugins compatible for Editor in 0.51 ms, found 3 plugins.
Preloading 0 native plugins for Editor in 0.00 ms.
Unloading 2079 Unused Serialized files (Serialized files now loaded: 0)
System memory in use before: 190.6 MB.
System memory in use after: 190.6 MB.

Unloading 21 unused Assets to reduce memory usage. Loaded Objects now: 2574.
Total: 3.659736 ms (FindLiveObjects: 0.431607 ms CreateObjectMapping: 0.124091 ms MarkObjects: 2.921200 ms  DeleteObjects: 0.181137 ms)

========================================================================
Received Prepare
Registering precompiled user dll's ...
Registered in 0.003620 seconds.
Begin MonoManager ReloadAssembly
Native extension for OSXStandalone target not found
Native extension for WebGL target not found
Refreshing native plugins compatible for Editor in 0.66 ms, found 3 plugins.
Preloading 0 native plugins for Editor in 0.00 ms.
Mono: successfully reloaded assembly
- Completed reload, in  1.800 seconds
Platform modules already initialized, skipping
Refreshing native plugins compatible for Editor in 0.58 ms, found 3 plugins.
Preloading 0 native plugins for Editor in 0.00 ms.
Unloading 2079 Unused Serialized files (Serialized files now loaded: 0)
System memory in use before: 190.8 MB.
System memory in use after: 190.8 MB.

Unloading 21 unused Assets to reduce memory usage. Loaded Objects now: 2578.
Total: 9.399875 ms (FindLiveObjects: 0.568831 ms CreateObjectMapping: 0.142898 ms MarkObjects: 8.454071 ms  DeleteObjects: 0.232523 ms)

========================================================================
Received Import Request.
  Time since last request: 338.709701 seconds.
  path: Assets/Scripts/Definitions.cs
  artifactKey: Guid(488e7649ae90c4ab5805a9e8e2372274) Importer(815301076,1909f56bfc062723c751e8b465ee728b)
Start importing Assets/Scripts/Definitions.cs using Guid(488e7649ae90c4ab5805a9e8e2372274) Importer(815301076,1909f56bfc062723c751e8b465ee728b)  -> (artifact id: 'd1d3af1c14e377926c387f469b819492') in 0.010027 seconds
  Import took 0.014873 seconds .

========================================================================
Received Prepare
Registering precompiled user dll's ...
Registered in 0.004418 seconds.
Begin MonoManager ReloadAssembly
Native extension for OSXStandalone target not found
Native extension for WebGL target not found
Refreshing native plugins compatible for Editor in 0.51 ms, found 3 plugins.
Preloading 0 native plugins for Editor in 0.00 ms.
Mono: successfully reloaded assembly
- Completed reload, in  2.258 seconds
Platform modules already initialized, skipping
Refreshing native plugins compatible for Editor in 0.72 ms, found 3 plugins.
Preloading 0 native plugins for Editor in 0.00 ms.
Unloading 2080 Unused Serialized files (Serialized files now loaded: 0)
System memory in use before: 191.0 MB.
System memory in use after: 191.0 MB.

Unloading 21 unused Assets to reduce memory usage. Loaded Objects now: 2583.
Total: 3.667206 ms (FindLiveObjects: 0.253195 ms CreateObjectMapping: 0.081203 ms MarkObjects: 3.150807 ms  DeleteObjects: 0.180351 ms)

========================================================================
Received Prepare
Registering precompiled user dll's ...
Registered in 0.004314 seconds.
Begin MonoManager ReloadAssembly
Native extension for OSXStandalone target not found
Native extension for WebGL target not found
Refreshing native plugins compatible for Editor in 0.57 ms, found 3 plugins.
Preloading 0 native plugins for Editor in 0.00 ms.
Mono: successfully reloaded assembly
- Completed reload, in  1.676 seconds
Platform modules already initialized, skipping
Refreshing native plugins compatible for Editor in 0.51 ms, found 3 plugins.
Preloading 0 native plugins for Editor in 0.00 ms.
Unloading 2080 Unused Serialized files (Serialized files now loaded: 0)
System memory in use before: 191.2 MB.
System memory in use after: 191.2 MB.

Unloading 21 unused Assets to reduce memory usage. Loaded Objects now: 2587.
Total: 2.671832 ms (FindLiveObjects: 0.239476 ms CreateObjectMapping: 0.081071 ms MarkObjects: 2.207932 ms  DeleteObjects: 0.142041 ms)

========================================================================
Received Import Request.
  Time since last request: 50.437181 seconds.
  path: Assets/Scripts/Definitions.cs
  artifactKey: Guid(488e7649ae90c4ab5805a9e8e2372274) Importer(815301076,1909f56bfc062723c751e8b465ee728b)
Start importing Assets/Scripts/Definitions.cs using Guid(488e7649ae90c4ab5805a9e8e2372274) Importer(815301076,1909f56bfc062723c751e8b465ee728b)  -> (artifact id: '8d57bfc08d63bfa8b8d28c162d5e655a') in 0.005312 seconds
  Import took 0.010037 seconds .

========================================================================
Received Import Request.
  Time since last request: 3.873556 seconds.
  path: Assets/Scripts/GameLogic.cs
  artifactKey: Guid(ae65e0093fd17458e977cf1cf1f98d65) Importer(815301076,1909f56bfc062723c751e8b465ee728b)
Start importing Assets/Scripts/GameLogic.cs using Guid(ae65e0093fd17458e977cf1cf1f98d65) Importer(815301076,1909f56bfc062723c751e8b465ee728b)  -> (artifact id: 'e6d0fb7a4ace738e2e7fe17ebe0e033b') in 0.002733 seconds
  Import took 0.007354 seconds .

========================================================================
Received Prepare
Registering precompiled user dll's ...
Registered in 0.003556 seconds.
Begin MonoManager ReloadAssembly
Native extension for OSXStandalone target not found
Native extension for WebGL target not found
Refreshing native plugins compatible for Editor in 0.59 ms, found 3 plugins.
Preloading 0 native plugins for Editor in 0.00 ms.
Mono: successfully reloaded assembly
- Completed reload, in  1.833 seconds
Platform modules already initialized, skipping
Refreshing native plugins compatible for Editor in 0.55 ms, found 3 plugins.
Preloading 0 native plugins for Editor in 0.00 ms.
Unloading 2081 Unused Serialized files (Serialized files now loaded: 0)
System memory in use before: 191.4 MB.
System memory in use after: 191.4 MB.

Unloading 21 unused Assets to reduce memory usage. Loaded Objects now: 2592.
Total: 3.436190 ms (FindLiveObjects: 0.213735 ms CreateObjectMapping: 0.079137 ms MarkObjects: 2.631062 ms  DeleteObjects: 0.510868 ms)

========================================================================
Received Prepare
Registering precompiled user dll's ...
Registered in 0.009550 seconds.
Begin MonoManager ReloadAssembly
Native extension for OSXStandalone target not found
Native extension for WebGL target not found
Refreshing native plugins compatible for Editor in 0.87 ms, found 3 plugins.
Preloading 0 native plugins for Editor in 0.00 ms.
Mono: successfully reloaded assembly
- Completed reload, in  4.025 seconds
Platform modules already initialized, skipping
Refreshing native plugins compatible for Editor in 0.66 ms, found 3 plugins.
Preloading 0 native plugins for Editor in 0.00 ms.
Unloading 2081 Unused Serialized files (Serialized files now loaded: 0)
System memory in use before: 191.6 MB.
System memory in use after: 191.6 MB.

Unloading 21 unused Assets to reduce memory usage. Loaded Objects now: 2596.
Total: 3.697738 ms (FindLiveObjects: 0.251619 ms CreateObjectMapping: 0.103218 ms MarkObjects: 3.119979 ms  DeleteObjects: 0.221258 ms)

========================================================================
Received Import Request.
  Time since last request: 740.492836 seconds.
  path: Assets/Scripts/GameLogic.cs
  artifactKey: Guid(ae65e0093fd17458e977cf1cf1f98d65) Importer(815301076,1909f56bfc062723c751e8b465ee728b)
Start importing Assets/Scripts/GameLogic.cs using Guid(ae65e0093fd17458e977cf1cf1f98d65) Importer(815301076,1909f56bfc062723c751e8b465ee728b)  -> (artifact id: '30638b4d7605581d171b11ee00a0bc72') in 0.007495 seconds
  Import took 0.016645 seconds .

========================================================================
Received Prepare
Registering precompiled user dll's ...
Registered in 0.004153 seconds.
Begin MonoManager ReloadAssembly
Native extension for OSXStandalone target not found
Native extension for WebGL target not found
Refreshing native plugins compatible for Editor in 0.52 ms, found 3 plugins.
Preloading 0 native plugins for Editor in 0.00 ms.
Mono: successfully reloaded assembly
- Completed reload, in  1.767 seconds
Platform modules already initialized, skipping
Refreshing native plugins compatible for Editor in 0.67 ms, found 3 plugins.
Preloading 0 native plugins for Editor in 0.00 ms.
Unloading 2081 Unused Serialized files (Serialized files now loaded: 0)
System memory in use before: 191.8 MB.
System memory in use after: 191.8 MB.

Unloading 21 unused Assets to reduce memory usage. Loaded Objects now: 2600.
Total: 3.446085 ms (FindLiveObjects: 0.333109 ms CreateObjectMapping: 0.109024 ms MarkObjects: 2.866514 ms  DeleteObjects: 0.136239 ms)

========================================================================
Received Prepare
Registering precompiled user dll's ...
Registered in 0.005384 seconds.
Begin MonoManager ReloadAssembly
Native extension for OSXStandalone target not found
Native extension for WebGL target not found
Refreshing native plugins compatible for Editor in 4.93 ms, found 3 plugins.
Preloading 0 native plugins for Editor in 0.00 ms.
Mono: successfully reloaded assembly
- Completed reload, in  3.807 seconds
Platform modules already initialized, skipping
Refreshing native plugins compatible for Editor in 0.63 ms, found 3 plugins.
Preloading 0 native plugins for Editor in 0.00 ms.
Unloading 2081 Unused Serialized files (Serialized files now loaded: 0)
System memory in use before: 192.0 MB.
System memory in use after: 192.0 MB.

Unloading 21 unused Assets to reduce memory usage. Loaded Objects now: 2604.
Total: 5.315676 ms (FindLiveObjects: 0.273966 ms CreateObjectMapping: 0.114390 ms MarkObjects: 4.701383 ms  DeleteObjects: 0.224544 ms)

========================================================================
Received Import Request.
  Time since last request: 1737.777744 seconds.
  path: Assets/Scripts/PlayerMovement.cs
  artifactKey: Guid(46b4dc9ccabe548b38d5cc60c240cc19) Importer(815301076,1909f56bfc062723c751e8b465ee728b)
Start importing Assets/Scripts/PlayerMovement.cs using Guid(46b4dc9ccabe548b38d5cc60c240cc19) Importer(815301076,1909f56bfc062723c751e8b465ee728b)  -> (artifact id: '2c41146650485845d27f787aeacea51d') in 0.007544 seconds
  Import took 0.013437 seconds .

========================================================================
Received Import Request.
  Time since last request: 0.040036 seconds.
  path: Assets/Scripts/PlayerMovement.cs
  artifactKey: Guid(46b4dc9ccabe548b38d5cc60c240cc19) Importer(815301076,1909f56bfc062723c751e8b465ee728b)
Start importing Assets/Scripts/PlayerMovement.cs using Guid(46b4dc9ccabe548b38d5cc60c240cc19) Importer(815301076,1909f56bfc062723c751e8b465ee728b)  -> (artifact id: '2c41146650485845d27f787aeacea51d') in 0.001984 seconds
  Import took 0.009266 seconds .

========================================================================
Received Import Request.
  Time since last request: 279.566789 seconds.
  path: Assets/Scripts/PlayerAI.cs
  artifactKey: Guid(9a7a95a9562994d86aaaca10e89c0866) Importer(815301076,1909f56bfc062723c751e8b465ee728b)
Start importing Assets/Scripts/PlayerAI.cs using Guid(9a7a95a9562994d86aaaca10e89c0866) Importer(815301076,1909f56bfc062723c751e8b465ee728b)  -> (artifact id: 'c05e691889f74fa4d4957e7a241025f3') in 0.003087 seconds
  Import took 0.008151 seconds .

========================================================================
Received Import Request.
  Time since last request: 0.001091 seconds.
  path: Assets/Scripts/PlayerAI.cs
  artifactKey: Guid(9a7a95a9562994d86aaaca10e89c0866) Importer(815301076,1909f56bfc062723c751e8b465ee728b)
Start importing Assets/Scripts/PlayerAI.cs using Guid(9a7a95a9562994d86aaaca10e89c0866) Importer(815301076,1909f56bfc062723c751e8b465ee728b)  -> (artifact id: 'c05e691889f74fa4d4957e7a241025f3') in 0.002470 seconds
  Import took 0.007934 seconds .

========================================================================
Received Prepare
Registering precompiled user dll's ...
Registered in 0.004016 seconds.
Begin MonoManager ReloadAssembly
Native extension for OSXStandalone target not found
Native extension for WebGL target not found
Refreshing native plugins compatible for Editor in 0.64 ms, found 3 plugins.
Preloading 0 native plugins for Editor in 0.00 ms.
Mono: successfully reloaded assembly
- Completed reload, in  2.014 seconds
Platform modules already initialized, skipping
Refreshing native plugins compatible for Editor in 0.59 ms, found 3 plugins.
Preloading 0 native plugins for Editor in 0.00 ms.
Unloading 2081 Unused Serialized files (Serialized files now loaded: 0)
System memory in use before: 192.2 MB.
System memory in use after: 192.2 MB.

Unloading 21 unused Assets to reduce memory usage. Loaded Objects now: 2608.
Total: 3.575473 ms (FindLiveObjects: 0.464318 ms CreateObjectMapping: 0.130722 ms MarkObjects: 2.828075 ms  DeleteObjects: 0.151155 ms)

========================================================================
Received Prepare
Registering precompiled user dll's ...
Registered in 0.014211 seconds.
Begin MonoManager ReloadAssembly
Native extension for OSXStandalone target not found
Native extension for WebGL target not found
Refreshing native plugins compatible for Editor in 0.72 ms, found 3 plugins.
Preloading 0 native plugins for Editor in 0.00 ms.
Mono: successfully reloaded assembly
- Completed reload, in  3.762 seconds
Platform modules already initialized, skipping
Refreshing native plugins compatible for Editor in 1.12 ms, found 3 plugins.
Preloading 0 native plugins for Editor in 0.00 ms.
Unloading 2081 Unused Serialized files (Serialized files now loaded: 0)
System memory in use before: 192.4 MB.
System memory in use after: 192.4 MB.

Unloading 21 unused Assets to reduce memory usage. Loaded Objects now: 2612.
Total: 5.168347 ms (FindLiveObjects: 0.783689 ms CreateObjectMapping: 0.220608 ms MarkObjects: 3.965522 ms  DeleteObjects: 0.194421 ms)

========================================================================
Received Import Request.
  Time since last request: 254.071536 seconds.
  path: Assets/Scripts/PlayerAI.cs
  artifactKey: Guid(9a7a95a9562994d86aaaca10e89c0866) Importer(815301076,1909f56bfc062723c751e8b465ee728b)
Start importing Assets/Scripts/PlayerAI.cs using Guid(9a7a95a9562994d86aaaca10e89c0866) Importer(815301076,1909f56bfc062723c751e8b465ee728b)  -> (artifact id: '4380a24d7bccd02acf0d05df60b74b2e') in 0.033019 seconds
  Import took 0.066015 seconds .

========================================================================
Received Import Request.
  Time since last request: 50.388795 seconds.
  path: Assets/Prefabs/Player.prefab
  artifactKey: Guid(ac9878dab82724117ab713e47ee36726) Importer(815301076,1909f56bfc062723c751e8b465ee728b)
Start importing Assets/Prefabs/Player.prefab using Guid(ac9878dab82724117ab713e47ee36726) Importer(815301076,1909f56bfc062723c751e8b465ee728b)  -> (artifact id: '800d93e1d3ed0d9b5a96f1f020b3c770') in 0.251712 seconds
  Import took 0.258054 seconds .

========================================================================
Received Import Request.
  Time since last request: 4.644511 seconds.
  path: Assets/Prefabs/Player.prefab
  artifactKey: Guid(ac9878dab82724117ab713e47ee36726) Importer(815301076,1909f56bfc062723c751e8b465ee728b)
Start importing Assets/Prefabs/Player.prefab using Guid(ac9878dab82724117ab713e47ee36726) Importer(815301076,1909f56bfc062723c751e8b465ee728b)  -> (artifact id: '2ad08a495d098cf39f825c411a5eb7e4') in 0.034640 seconds
  Import took 0.041865 seconds .

========================================================================
Received Import Request.
  Time since last request: 81.467317 seconds.
  path: Assets/Prefabs/Hitter_P1.prefab
  artifactKey: Guid(7d93bc1f7f0444fd0ab71c4d1d106dd2) Importer(815301076,1909f56bfc062723c751e8b465ee728b)
Start importing Assets/Prefabs/Hitter_P1.prefab using Guid(7d93bc1f7f0444fd0ab71c4d1d106dd2) Importer(815301076,1909f56bfc062723c751e8b465ee728b)  -> (artifact id: '2c41016020f54fc99ab80007483c25bc') in 0.006180 seconds
  Import took 0.010778 seconds .

========================================================================
Received Import Request.
  Time since last request: 0.015651 seconds.
  path: Assets/Prefabs/Hitter_P1.prefab
  artifactKey: Guid(7d93bc1f7f0444fd0ab71c4d1d106dd2) Importer(815301076,1909f56bfc062723c751e8b465ee728b)
Start importing Assets/Prefabs/Hitter_P1.prefab using Guid(7d93bc1f7f0444fd0ab71c4d1d106dd2) Importer(815301076,1909f56bfc062723c751e8b465ee728b)  -> (artifact id: '2c41016020f54fc99ab80007483c25bc') in 0.003907 seconds
  Import took 0.007983 seconds .

========================================================================
Received Import Request.
  Time since last request: 1.011417 seconds.
  path: Assets/Prefabs/Hitter_P2.prefab
  artifactKey: Guid(ae19197bdcd824dc6bbf797056962111) Importer(815301076,1909f56bfc062723c751e8b465ee728b)
Start importing Assets/Prefabs/Hitter_P2.prefab using Guid(ae19197bdcd824dc6bbf797056962111) Importer(815301076,1909f56bfc062723c751e8b465ee728b)  -> (artifact id: '16fd9db50f02690604f8536aff9b69e0') in 0.009963 seconds
  Import took 0.020328 seconds .

========================================================================
Received Import Request.
  Time since last request: 0.021571 seconds.
  path: Assets/Prefabs/Hitter_P2.prefab
  artifactKey: Guid(ae19197bdcd824dc6bbf797056962111) Importer(815301076,1909f56bfc062723c751e8b465ee728b)
Start importing Assets/Prefabs/Hitter_P2.prefab using Guid(ae19197bdcd824dc6bbf797056962111) Importer(815301076,1909f56bfc062723c751e8b465ee728b)  -> (artifact id: '16fd9db50f02690604f8536aff9b69e0') in 0.005593 seconds
  Import took 0.012897 seconds .

========================================================================
Received Prepare
Registering precompiled user dll's ...
Registered in 0.005145 seconds.
Begin MonoManager ReloadAssembly
Native extension for OSXStandalone target not found
Native extension for WebGL target not found
Refreshing native plugins compatible for Editor in 0.52 ms, found 3 plugins.
Preloading 0 native plugins for Editor in 0.00 ms.
Mono: successfully reloaded assembly
- Completed reload, in  1.849 seconds
Platform modules already initialized, skipping
Refreshing native plugins compatible for Editor in 0.55 ms, found 3 plugins.
Preloading 0 native plugins for Editor in 0.00 ms.
Unloading 2081 Unused Serialized files (Serialized files now loaded: 0)
System memory in use before: 196.2 MB.
System memory in use after: 196.2 MB.

Unloading 23 unused Assets to reduce memory usage. Loaded Objects now: 2623.
Total: 3.454006 ms (FindLiveObjects: 0.222549 ms CreateObjectMapping: 0.144913 ms MarkObjects: 2.844780 ms  DeleteObjects: 0.240026 ms)

========================================================================
Received Prepare
Registering precompiled user dll's ...
Registered in 0.016769 seconds.
Begin MonoManager ReloadAssembly
Native extension for OSXStandalone target not found
Native extension for WebGL target not found
Refreshing native plugins compatible for Editor in 1.04 ms, found 3 plugins.
Preloading 0 native plugins for Editor in 0.00 ms.
Mono: successfully reloaded assembly
- Completed reload, in  3.429 seconds
Platform modules already initialized, skipping
Refreshing native plugins compatible for Editor in 0.78 ms, found 3 plugins.
Preloading 0 native plugins for Editor in 0.00 ms.
Unloading 2081 Unused Serialized files (Serialized files now loaded: 0)
System memory in use before: 196.4 MB.
System memory in use after: 196.4 MB.

Unloading 21 unused Assets to reduce memory usage. Loaded Objects now: 2627.
Total: 5.376896 ms (FindLiveObjects: 1.273611 ms CreateObjectMapping: 0.165816 ms MarkObjects: 3.646866 ms  DeleteObjects: 0.287315 ms)

========================================================================
Received Prepare
Registering precompiled user dll's ...
Registered in 0.008165 seconds.
Begin MonoManager ReloadAssembly
Native extension for OSXStandalone target not found
Native extension for WebGL target not found
Refreshing native plugins compatible for Editor in 1.18 ms, found 3 plugins.
Preloading 0 native plugins for Editor in 0.00 ms.
Mono: successfully reloaded assembly
- Completed reload, in  7.079 seconds
Platform modules already initialized, skipping
Refreshing native plugins compatible for Editor in 2.29 ms, found 3 plugins.
Preloading 0 native plugins for Editor in 0.00 ms.
Unloading 2081 Unused Serialized files (Serialized files now loaded: 0)
System memory in use before: 196.6 MB.
System memory in use after: 196.6 MB.

Unloading 21 unused Assets to reduce memory usage. Loaded Objects now: 2631.
Total: 4.289820 ms (FindLiveObjects: 0.277147 ms CreateObjectMapping: 0.237043 ms MarkObjects: 3.621256 ms  DeleteObjects: 0.152850 ms)

========================================================================
Received Prepare
Registering precompiled user dll's ...
Registered in 0.004480 seconds.
Begin MonoManager ReloadAssembly
Native extension for OSXStandalone target not found
Native extension for WebGL target not found
Refreshing native plugins compatible for Editor in 0.62 ms, found 3 plugins.
Preloading 0 native plugins for Editor in 0.00 ms.
Mono: successfully reloaded assembly
- Completed reload, in  2.106 seconds
Platform modules already initialized, skipping
Refreshing native plugins compatible for Editor in 0.52 ms, found 3 plugins.
Preloading 0 native plugins for Editor in 0.00 ms.
Unloading 2081 Unused Serialized files (Serialized files now loaded: 0)
System memory in use before: 196.8 MB.
System memory in use after: 196.8 MB.

Unloading 21 unused Assets to reduce memory usage. Loaded Objects now: 2635.
Total: 2.908898 ms (FindLiveObjects: 0.248369 ms CreateObjectMapping: 0.118136 ms MarkObjects: 2.334129 ms  DeleteObjects: 0.207186 ms)

========================================================================
Received Prepare
Registering precompiled user dll's ...
Registered in 0.007383 seconds.
Begin MonoManager ReloadAssembly
Native extension for OSXStandalone target not found
Native extension for WebGL target not found
Refreshing native plugins compatible for Editor in 0.79 ms, found 3 plugins.
Preloading 0 native plugins for Editor in 0.00 ms.
Mono: successfully reloaded assembly
- Completed reload, in  3.058 seconds
Platform modules already initialized, skipping
Refreshing native plugins compatible for Editor in 0.56 ms, found 3 plugins.
Preloading 0 native plugins for Editor in 0.00 ms.
Unloading 2081 Unused Serialized files (Serialized files now loaded: 0)
System memory in use before: 197.0 MB.
System memory in use after: 197.0 MB.

Unloading 21 unused Assets to reduce memory usage. Loaded Objects now: 2639.
Total: 3.283983 ms (FindLiveObjects: 0.340924 ms CreateObjectMapping: 0.176346 ms MarkObjects: 2.620639 ms  DeleteObjects: 0.144853 ms)

========================================================================
Received Prepare
Registering precompiled user dll's ...
Registered in 0.002395 seconds.
Begin MonoManager ReloadAssembly
Native extension for OSXStandalone target not found
Native extension for WebGL target not found
Refreshing native plugins compatible for Editor in 0.55 ms, found 3 plugins.
Preloading 0 native plugins for Editor in 0.00 ms.
Mono: successfully reloaded assembly
- Completed reload, in  2.108 seconds
Platform modules already initialized, skipping
Refreshing native plugins compatible for Editor in 0.57 ms, found 3 plugins.
Preloading 0 native plugins for Editor in 0.00 ms.
Unloading 2081 Unused Serialized files (Serialized files now loaded: 0)
System memory in use before: 197.2 MB.
System memory in use after: 197.2 MB.

Unloading 21 unused Assets to reduce memory usage. Loaded Objects now: 2643.
Total: 3.123334 ms (FindLiveObjects: 0.245613 ms CreateObjectMapping: 0.092859 ms MarkObjects: 2.637564 ms  DeleteObjects: 0.146191 ms)

========================================================================
Received Prepare
Registering precompiled user dll's ...
Registered in 0.005808 seconds.
Begin MonoManager ReloadAssembly
Native extension for OSXStandalone target not found
Native extension for WebGL target not found
Refreshing native plugins compatible for Editor in 0.86 ms, found 3 plugins.
Preloading 0 native plugins for Editor in 0.00 ms.
Mono: successfully reloaded assembly
- Completed reload, in  8.466 seconds
Platform modules already initialized, skipping
Refreshing native plugins compatible for Editor in 0.82 ms, found 3 plugins.
Preloading 0 native plugins for Editor in 0.00 ms.
Unloading 2081 Unused Serialized files (Serialized files now loaded: 0)
System memory in use before: 197.4 MB.
System memory in use after: 197.4 MB.

Unloading 21 unused Assets to reduce memory usage. Loaded Objects now: 2647.
Total: 11.691218 ms (FindLiveObjects: 0.900039 ms CreateObjectMapping: 1.086064 ms MarkObjects: 9.382960 ms  DeleteObjects: 0.318848 ms)

========================================================================
Received Prepare
Registering precompiled user dll's ...
Registered in 0.007117 seconds.
Begin MonoManager ReloadAssembly
Native extension for OSXStandalone target not found
Native extension for WebGL target not found
Refreshing native plugins compatible for Editor in 0.97 ms, found 3 plugins.
Preloading 0 native plugins for Editor in 0.00 ms.
Mono: successfully reloaded assembly
- Completed reload, in  3.364 seconds
Platform modules already initialized, skipping
Refreshing native plugins compatible for Editor in 0.70 ms, found 3 plugins.
Preloading 0 native plugins for Editor in 0.00 ms.
Unloading 2081 Unused Serialized files (Serialized files now loaded: 0)
System memory in use before: 197.6 MB.
System memory in use after: 197.6 MB.

Unloading 21 unused Assets to reduce memory usage. Loaded Objects now: 2651.
Total: 3.353507 ms (FindLiveObjects: 0.353060 ms CreateObjectMapping: 0.110164 ms MarkObjects: 2.730114 ms  DeleteObjects: 0.158786 ms)

========================================================================
Received Prepare
Registering precompiled user dll's ...
Registered in 0.003831 seconds.
Begin MonoManager ReloadAssembly
Native extension for OSXStandalone target not found
Native extension for WebGL target not found
Refreshing native plugins compatible for Editor in 0.57 ms, found 3 plugins.
Preloading 0 native plugins for Editor in 0.00 ms.
Mono: successfully reloaded assembly
- Completed reload, in  2.322 seconds
Platform modules already initialized, skipping
Refreshing native plugins compatible for Editor in 0.61 ms, found 3 plugins.
Preloading 0 native plugins for Editor in 0.00 ms.
Unloading 2081 Unused Serialized files (Serialized files now loaded: 0)
System memory in use before: 197.8 MB.
System memory in use after: 197.8 MB.

Unloading 21 unused Assets to reduce memory usage. Loaded Objects now: 2655.
Total: 3.467245 ms (FindLiveObjects: 0.380685 ms CreateObjectMapping: 0.101198 ms MarkObjects: 2.836364 ms  DeleteObjects: 0.147635 ms)

========================================================================
Received Prepare
Registering precompiled user dll's ...
Registered in 0.004944 seconds.
Begin MonoManager ReloadAssembly
Native extension for OSXStandalone target not found
Native extension for WebGL target not found
Refreshing native plugins compatible for Editor in 0.85 ms, found 3 plugins.
Preloading 0 native plugins for Editor in 0.00 ms.
Mono: successfully reloaded assembly
- Completed reload, in  2.747 seconds
Platform modules already initialized, skipping
Refreshing native plugins compatible for Editor in 0.87 ms, found 3 plugins.
Preloading 0 native plugins for Editor in 0.00 ms.
Unloading 2081 Unused Serialized files (Serialized files now loaded: 0)
System memory in use before: 198.0 MB.
System memory in use after: 198.0 MB.

Unloading 21 unused Assets to reduce memory usage. Loaded Objects now: 2659.
Total: 3.417458 ms (FindLiveObjects: 0.276050 ms CreateObjectMapping: 0.106402 ms MarkObjects: 2.878313 ms  DeleteObjects: 0.154824 ms)

========================================================================
Received Prepare
Registering precompiled user dll's ...
Registered in 0.003282 seconds.
Begin MonoManager ReloadAssembly
Native extension for OSXStandalone target not found
Native extension for WebGL target not found
Refreshing native plugins compatible for Editor in 0.71 ms, found 3 plugins.
Preloading 0 native plugins for Editor in 0.00 ms.
Mono: successfully reloaded assembly
- Completed reload, in  2.164 seconds
Platform modules already initialized, skipping
Refreshing native plugins compatible for Editor in 0.90 ms, found 3 plugins.
Preloading 0 native plugins for Editor in 0.00 ms.
Unloading 2081 Unused Serialized files (Serialized files now loaded: 0)
System memory in use before: 198.2 MB.
System memory in use after: 198.2 MB.

Unloading 21 unused Assets to reduce memory usage. Loaded Objects now: 2663.
Total: 5.636230 ms (FindLiveObjects: 0.364065 ms CreateObjectMapping: 0.105108 ms MarkObjects: 4.824425 ms  DeleteObjects: 0.338972 ms)

========================================================================
Received Prepare
Registering precompiled user dll's ...
Registered in 0.002239 seconds.
Begin MonoManager ReloadAssembly
Native extension for OSXStandalone target not found
Native extension for WebGL target not found
Refreshing native plugins compatible for Editor in 0.73 ms, found 3 plugins.
Preloading 0 native plugins for Editor in 0.00 ms.
Mono: successfully reloaded assembly
- Completed reload, in  1.926 seconds
Platform modules already initialized, skipping
Refreshing native plugins compatible for Editor in 0.48 ms, found 3 plugins.
Preloading 0 native plugins for Editor in 0.00 ms.
Unloading 2081 Unused Serialized files (Serialized files now loaded: 0)
System memory in use before: 198.4 MB.
System memory in use after: 198.4 MB.

Unloading 21 unused Assets to reduce memory usage. Loaded Objects now: 2667.
Total: 4.433684 ms (FindLiveObjects: 0.457740 ms CreateObjectMapping: 0.119750 ms MarkObjects: 3.624963 ms  DeleteObjects: 0.229428 ms)

========================================================================
Received Import Request.
  Time since last request: 1410.504691 seconds.
  path: Assets/Scripts/GameLogic.cs
  artifactKey: Guid(ae65e0093fd17458e977cf1cf1f98d65) Importer(815301076,1909f56bfc062723c751e8b465ee728b)
Start importing Assets/Scripts/GameLogic.cs using Guid(ae65e0093fd17458e977cf1cf1f98d65) Importer(815301076,1909f56bfc062723c751e8b465ee728b)  -> (artifact id: 'e6eaca9521fb9858574dc98e7a7104a5') in 0.006163 seconds
  Import took 0.011340 seconds .

========================================================================
Received Prepare
Registering precompiled user dll's ...
Registered in 0.006294 seconds.
Begin MonoManager ReloadAssembly
Native extension for OSXStandalone target not found
Native extension for WebGL target not found
Refreshing native plugins compatible for Editor in 0.65 ms, found 3 plugins.
Preloading 0 native plugins for Editor in 0.00 ms.
Mono: successfully reloaded assembly
- Completed reload, in  1.882 seconds
Platform modules already initialized, skipping
Refreshing native plugins compatible for Editor in 0.81 ms, found 3 plugins.
Preloading 0 native plugins for Editor in 0.00 ms.
Unloading 2081 Unused Serialized files (Serialized files now loaded: 0)
System memory in use before: 198.6 MB.
System memory in use after: 198.6 MB.

Unloading 21 unused Assets to reduce memory usage. Loaded Objects now: 2671.
Total: 5.035648 ms (FindLiveObjects: 0.541134 ms CreateObjectMapping: 0.123903 ms MarkObjects: 4.132157 ms  DeleteObjects: 0.237046 ms)

========================================================================
Received Import Request.
  Time since last request: 89.135905 seconds.
  path: Assets/Scripts/GameLogic.cs
  artifactKey: Guid(ae65e0093fd17458e977cf1cf1f98d65) Importer(815301076,1909f56bfc062723c751e8b465ee728b)
Start importing Assets/Scripts/GameLogic.cs using Guid(ae65e0093fd17458e977cf1cf1f98d65) Importer(815301076,1909f56bfc062723c751e8b465ee728b)  -> (artifact id: '11e724b227a5f8ed4393da75d6b28d4c') in 0.008382 seconds
  Import took 0.018380 seconds .

========================================================================
Received Prepare
Registering precompiled user dll's ...
Registered in 0.004532 seconds.
Begin MonoManager ReloadAssembly
Native extension for OSXStandalone target not found
Native extension for WebGL target not found
Refreshing native plugins compatible for Editor in 0.96 ms, found 3 plugins.
Preloading 0 native plugins for Editor in 0.00 ms.
Mono: successfully reloaded assembly
- Completed reload, in  2.637 seconds
Platform modules already initialized, skipping
Refreshing native plugins compatible for Editor in 0.63 ms, found 3 plugins.
Preloading 0 native plugins for Editor in 0.00 ms.
Unloading 2081 Unused Serialized files (Serialized files now loaded: 0)
System memory in use before: 198.8 MB.
System memory in use after: 198.8 MB.

Unloading 21 unused Assets to reduce memory usage. Loaded Objects now: 2675.
Total: 14.788734 ms (FindLiveObjects: 0.374909 ms CreateObjectMapping: 0.166154 ms MarkObjects: 14.018607 ms  DeleteObjects: 0.227177 ms)

========================================================================
Received Prepare
Registering precompiled user dll's ...
Registered in 0.002133 seconds.
Begin MonoManager ReloadAssembly
Native extension for OSXStandalone target not found
Native extension for WebGL target not found
Refreshing native plugins compatible for Editor in 0.56 ms, found 3 plugins.
Preloading 0 native plugins for Editor in 0.00 ms.
Mono: successfully reloaded assembly
- Completed reload, in  1.932 seconds
Platform modules already initialized, skipping
Refreshing native plugins compatible for Editor in 0.52 ms, found 3 plugins.
Preloading 0 native plugins for Editor in 0.00 ms.
Unloading 2081 Unused Serialized files (Serialized files now loaded: 0)
System memory in use before: 199.0 MB.
System memory in use after: 199.0 MB.

Unloading 21 unused Assets to reduce memory usage. Loaded Objects now: 2679.
Total: 4.729961 ms (FindLiveObjects: 0.558932 ms CreateObjectMapping: 0.122797 ms MarkObjects: 3.791624 ms  DeleteObjects: 0.255116 ms)

========================================================================
Received Prepare
Registering precompiled user dll's ...
Registered in 0.002921 seconds.
Begin MonoManager ReloadAssembly
Native extension for OSXStandalone target not found
Native extension for WebGL target not found
Refreshing native plugins compatible for Editor in 0.80 ms, found 3 plugins.
Preloading 0 native plugins for Editor in 0.00 ms.
Mono: successfully reloaded assembly
- Completed reload, in  2.257 seconds
Platform modules already initialized, skipping
Refreshing native plugins compatible for Editor in 0.68 ms, found 3 plugins.
Preloading 0 native plugins for Editor in 0.00 ms.
Unloading 2081 Unused Serialized files (Serialized files now loaded: 0)
System memory in use before: 199.2 MB.
System memory in use after: 199.2 MB.

Unloading 21 unused Assets to reduce memory usage. Loaded Objects now: 2683.
Total: 3.573705 ms (FindLiveObjects: 0.259459 ms CreateObjectMapping: 0.096179 ms MarkObjects: 3.056900 ms  DeleteObjects: 0.159469 ms)

========================================================================
Received Prepare
Registering precompiled user dll's ...
Registered in 0.002770 seconds.
Begin MonoManager ReloadAssembly
Native extension for OSXStandalone target not found
Native extension for WebGL target not found
Refreshing native plugins compatible for Editor in 0.59 ms, found 3 plugins.
Preloading 0 native plugins for Editor in 0.00 ms.
Mono: successfully reloaded assembly
- Completed reload, in  2.952 seconds
Platform modules already initialized, skipping
Refreshing native plugins compatible for Editor in 0.61 ms, found 3 plugins.
Preloading 0 native plugins for Editor in 0.00 ms.
Unloading 2081 Unused Serialized files (Serialized files now loaded: 0)
System memory in use before: 199.4 MB.
System memory in use after: 199.4 MB.

Unloading 21 unused Assets to reduce memory usage. Loaded Objects now: 2687.
Total: 3.409910 ms (FindLiveObjects: 0.280726 ms CreateObjectMapping: 0.099546 ms MarkObjects: 2.862449 ms  DeleteObjects: 0.165709 ms)

